<?xml version="1.0" encoding="UTF-8"?>
<!-- Generated by org.testng.reporters.JUnitReportReporter -->
<testsuite skipped="0" hostname="LN055QGCA22ADE" name="rough.Testmet" tests="1" failures="0" timestamp="15 Nov 2016 00:26:25 GMT" time="0.014" errors="0">
  <testcase name="test" time="0.014" classname="rough.Testmet"/>
</testsuite> <!-- rough.Testmet -->
